<?xml version="1.0" encoding="UTF-8" ?>
<testsuite errors="0" failures="0" hostname="Sahana-PC" name="com.flatironschool.javacs.ListSorterTest" skipped="0" tests="5" time="0.176" timestamp="2016-06-27T01:01:15">
  <properties>
[...]
</properties>
  <testcase classname="com.flatironschool.javacs.ListSorterTest" name="testMergeSort" time="0.014" />
  <testcase classname="com.flatironschool.javacs.ListSorterTest" name="testTopK" time="0.0" />
  <testcase classname="com.flatironschool.javacs.ListSorterTest" name="testHeapSort" time="0.001" />
  <testcase classname="com.flatironschool.javacs.ListSorterTest" name="testMergeSortInPlace" time="0.001" />
  <testcase classname="com.flatironschool.javacs.ListSorterTest" name="testInsertionSort" time="0.0" />
  <system-out><![CDATA[[3, 5]
[2, 4]
[1, 2, 4]
[1, 2, 3, 4, 5]
[3, 5]
[2, 4]
[1, 2, 4]
[1, 2, 3, 4, 5]
]]></system-out>
  <system-err><![CDATA[]]></system-err>
</testsuite>
